<?xml version="1.0" encoding="UTF-8"?>
<testsuite xmlns:xsi="http://www.w3.org/2001/XMLSchema-instance" xsi:noNamespaceSchemaLocation="https://maven.apache.org/surefire/maven-surefire-plugin/xsd/surefire-test-report-3.0.xsd" version="3.0" name="com.example.ScriptEngineUtilTest" time="6.954" tests="5" errors="0" skipped="0" failures="0">
  <properties>
    <property name="java.specification.version" value="21"/>
    <property name="sun.cpu.isalist" value="amd64"/>
    <property name="sun.jnu.encoding" value="Cp1252"/>
    <property name="java.class.path" value="D:\ONEDRIVE_CW\scripting-engine\target\test-classes;D:\ONEDRIVE_CW\scripting-engine\target\classes;C:\Users\yuvra\.m2\repository\org\graalvm\sdk\graal-sdk\24.2.1\graal-sdk-24.2.1.jar;C:\Users\yuvra\.m2\repository\org\graalvm\sdk\collections\24.2.1\collections-24.2.1.jar;C:\Users\yuvra\.m2\repository\org\graalvm\sdk\nativeimage\24.2.1\nativeimage-24.2.1.jar;C:\Users\yuvra\.m2\repository\org\graalvm\sdk\word\24.2.1\word-24.2.1.jar;C:\Users\yuvra\.m2\repository\org\graalvm\js\js-language\24.2.1\js-language-24.2.1.jar;C:\Users\yuvra\.m2\repository\org\graalvm\regex\regex\24.2.1\regex-24.2.1.jar;C:\Users\yuvra\.m2\repository\org\graalvm\truffle\truffle-api\24.2.1\truffle-api-24.2.1.jar;C:\Users\yuvra\.m2\repository\org\graalvm\shadowed\icu4j\24.2.1\icu4j-24.2.1.jar;C:\Users\yuvra\.m2\repository\org\graalvm\truffle\truffle-runtime\24.2.1\truffle-runtime-24.2.1.jar;C:\Users\yuvra\.m2\repository\org\graalvm\truffle\truffle-enterprise\24.2.1\truffle-enterprise-24.2.1.jar;C:\Users\yuvra\.m2\repository\org\graalvm\truffle\truffle-compiler\24.2.1\truffle-compiler-24.2.1.jar;C:\Users\yuvra\.m2\repository\org\graalvm\sdk\jniutils\24.2.1\jniutils-24.2.1.jar;C:\Users\yuvra\.m2\repository\org\graalvm\sdk\nativebridge\24.2.1\nativebridge-24.2.1.jar;C:\Users\yuvra\.m2\repository\org\graalvm\js\js-scriptengine\24.2.1\js-scriptengine-24.2.1.jar;C:\Users\yuvra\.m2\repository\org\graalvm\python\python-language\24.2.1\python-language-24.2.1.jar;C:\Users\yuvra\.m2\repository\org\graalvm\tools\profiler-tool\24.2.1\profiler-tool-24.2.1.jar;C:\Users\yuvra\.m2\repository\org\graalvm\shadowed\json\24.2.1\json-24.2.1.jar;C:\Users\yuvra\.m2\repository\org\graalvm\truffle\truffle-nfi\24.2.1\truffle-nfi-24.2.1.jar;C:\Users\yuvra\.m2\repository\org\graalvm\truffle\truffle-nfi-libffi\24.2.1\truffle-nfi-libffi-24.2.1.jar;C:\Users\yuvra\.m2\repository\org\graalvm\llvm\llvm-api\24.2.1\llvm-api-24.2.1.jar;C:\Users\yuvra\.m2\repository\org\graalvm\shadowed\xz\24.2.1\xz-24.2.1.jar;C:\Users\yuvra\.m2\repository\org\bouncycastle\bcprov-jdk18on\1.78.1\bcprov-jdk18on-1.78.1.jar;C:\Users\yuvra\.m2\repository\org\bouncycastle\bcpkix-jdk18on\1.78.1\bcpkix-jdk18on-1.78.1.jar;C:\Users\yuvra\.m2\repository\org\bouncycastle\bcutil-jdk18on\1.78.1\bcutil-jdk18on-1.78.1.jar;C:\Users\yuvra\.m2\repository\org\graalvm\python\python-resources\24.2.1\python-resources-24.2.1.jar;C:\Users\yuvra\.m2\repository\org\graalvm\polyglot\polyglot\24.2.1\polyglot-24.2.1.jar;C:\Users\yuvra\.m2\repository\org\junit\jupiter\junit-jupiter\5.10.0\junit-jupiter-5.10.0.jar;C:\Users\yuvra\.m2\repository\org\junit\jupiter\junit-jupiter-api\5.10.0\junit-jupiter-api-5.10.0.jar;C:\Users\yuvra\.m2\repository\org\opentest4j\opentest4j\1.3.0\opentest4j-1.3.0.jar;C:\Users\yuvra\.m2\repository\org\junit\platform\junit-platform-commons\1.10.0\junit-platform-commons-1.10.0.jar;C:\Users\yuvra\.m2\repository\org\apiguardian\apiguardian-api\1.1.2\apiguardian-api-1.1.2.jar;C:\Users\yuvra\.m2\repository\org\junit\jupiter\junit-jupiter-params\5.10.0\junit-jupiter-params-5.10.0.jar;C:\Users\yuvra\.m2\repository\org\junit\jupiter\junit-jupiter-engine\5.10.0\junit-jupiter-engine-5.10.0.jar;C:\Users\yuvra\.m2\repository\org\junit\platform\junit-platform-engine\1.10.0\junit-platform-engine-1.10.0.jar;"/>
    <property name="java.vm.vendor" value="Oracle Corporation"/>
    <property name="sun.arch.data.model" value="64"/>
    <property name="user.variant" value=""/>
    <property name="java.vendor.url" value="https://java.oracle.com/"/>
    <property name="user.timezone" value="Asia/Calcutta"/>
    <property name="os.name" value="Windows 11"/>
    <property name="java.vm.specification.version" value="21"/>
    <property name="sun.java.launcher" value="SUN_STANDARD"/>
    <property name="user.country" value="IN"/>
    <property name="sun.boot.library.path" value="C:\Program Files\Java\jdk-21\bin"/>
    <property name="sun.java.command" value="C:\Users\yuvra\AppData\Local\Temp\surefire10916655722606876928\surefirebooter-20250506203857928_3.jar C:\Users\yuvra\AppData\Local\Temp\surefire10916655722606876928 2025-05-06T20-38-57_718-jvmRun1 surefire-20250506203857928_1tmp surefire_0-20250506203857928_2tmp"/>
    <property name="jdk.debug" value="release"/>
    <property name="surefire.test.class.path" value="D:\ONEDRIVE_CW\scripting-engine\target\test-classes;D:\ONEDRIVE_CW\scripting-engine\target\classes;C:\Users\yuvra\.m2\repository\org\graalvm\sdk\graal-sdk\24.2.1\graal-sdk-24.2.1.jar;C:\Users\yuvra\.m2\repository\org\graalvm\sdk\collections\24.2.1\collections-24.2.1.jar;C:\Users\yuvra\.m2\repository\org\graalvm\sdk\nativeimage\24.2.1\nativeimage-24.2.1.jar;C:\Users\yuvra\.m2\repository\org\graalvm\sdk\word\24.2.1\word-24.2.1.jar;C:\Users\yuvra\.m2\repository\org\graalvm\js\js-language\24.2.1\js-language-24.2.1.jar;C:\Users\yuvra\.m2\repository\org\graalvm\regex\regex\24.2.1\regex-24.2.1.jar;C:\Users\yuvra\.m2\repository\org\graalvm\truffle\truffle-api\24.2.1\truffle-api-24.2.1.jar;C:\Users\yuvra\.m2\repository\org\graalvm\shadowed\icu4j\24.2.1\icu4j-24.2.1.jar;C:\Users\yuvra\.m2\repository\org\graalvm\truffle\truffle-runtime\24.2.1\truffle-runtime-24.2.1.jar;C:\Users\yuvra\.m2\repository\org\graalvm\truffle\truffle-enterprise\24.2.1\truffle-enterprise-24.2.1.jar;C:\Users\yuvra\.m2\repository\org\graalvm\truffle\truffle-compiler\24.2.1\truffle-compiler-24.2.1.jar;C:\Users\yuvra\.m2\repository\org\graalvm\sdk\jniutils\24.2.1\jniutils-24.2.1.jar;C:\Users\yuvra\.m2\repository\org\graalvm\sdk\nativebridge\24.2.1\nativebridge-24.2.1.jar;C:\Users\yuvra\.m2\repository\org\graalvm\js\js-scriptengine\24.2.1\js-scriptengine-24.2.1.jar;C:\Users\yuvra\.m2\repository\org\graalvm\python\python-language\24.2.1\python-language-24.2.1.jar;C:\Users\yuvra\.m2\repository\org\graalvm\tools\profiler-tool\24.2.1\profiler-tool-24.2.1.jar;C:\Users\yuvra\.m2\repository\org\graalvm\shadowed\json\24.2.1\json-24.2.1.jar;C:\Users\yuvra\.m2\repository\org\graalvm\truffle\truffle-nfi\24.2.1\truffle-nfi-24.2.1.jar;C:\Users\yuvra\.m2\repository\org\graalvm\truffle\truffle-nfi-libffi\24.2.1\truffle-nfi-libffi-24.2.1.jar;C:\Users\yuvra\.m2\repository\org\graalvm\llvm\llvm-api\24.2.1\llvm-api-24.2.1.jar;C:\Users\yuvra\.m2\repository\org\graalvm\shadowed\xz\24.2.1\xz-24.2.1.jar;C:\Users\yuvra\.m2\repository\org\bouncycastle\bcprov-jdk18on\1.78.1\bcprov-jdk18on-1.78.1.jar;C:\Users\yuvra\.m2\repository\org\bouncycastle\bcpkix-jdk18on\1.78.1\bcpkix-jdk18on-1.78.1.jar;C:\Users\yuvra\.m2\repository\org\bouncycastle\bcutil-jdk18on\1.78.1\bcutil-jdk18on-1.78.1.jar;C:\Users\yuvra\.m2\repository\org\graalvm\python\python-resources\24.2.1\python-resources-24.2.1.jar;C:\Users\yuvra\.m2\repository\org\graalvm\polyglot\polyglot\24.2.1\polyglot-24.2.1.jar;C:\Users\yuvra\.m2\repository\org\junit\jupiter\junit-jupiter\5.10.0\junit-jupiter-5.10.0.jar;C:\Users\yuvra\.m2\repository\org\junit\jupiter\junit-jupiter-api\5.10.0\junit-jupiter-api-5.10.0.jar;C:\Users\yuvra\.m2\repository\org\opentest4j\opentest4j\1.3.0\opentest4j-1.3.0.jar;C:\Users\yuvra\.m2\repository\org\junit\platform\junit-platform-commons\1.10.0\junit-platform-commons-1.10.0.jar;C:\Users\yuvra\.m2\repository\org\apiguardian\apiguardian-api\1.1.2\apiguardian-api-1.1.2.jar;C:\Users\yuvra\.m2\repository\org\junit\jupiter\junit-jupiter-params\5.10.0\junit-jupiter-params-5.10.0.jar;C:\Users\yuvra\.m2\repository\org\junit\jupiter\junit-jupiter-engine\5.10.0\junit-jupiter-engine-5.10.0.jar;C:\Users\yuvra\.m2\repository\org\junit\platform\junit-platform-engine\1.10.0\junit-platform-engine-1.10.0.jar;"/>
    <property name="sun.cpu.endian" value="little"/>
    <property name="user.home" value="C:\Users\yuvra"/>
    <property name="user.language" value="en"/>
    <property name="java.specification.vendor" value="Oracle Corporation"/>
    <property name="java.version.date" value="2024-10-15"/>
    <property name="java.home" value="C:\Program Files\Java\jdk-21"/>
    <property name="file.separator" value="\"/>
    <property name="basedir" value="D:\ONEDRIVE_CW\scripting-engine"/>
    <property name="java.vm.compressedOopsMode" value="Zero based"/>
    <property name="line.separator" value="&#10;"/>
    <property name="java.vm.specification.vendor" value="Oracle Corporation"/>
    <property name="java.specification.name" value="Java Platform API Specification"/>
    <property name="surefire.real.class.path" value="C:\Users\yuvra\AppData\Local\Temp\surefire10916655722606876928\surefirebooter-20250506203857928_3.jar"/>
    <property name="user.script" value=""/>
    <property name="sun.management.compiler" value="HotSpot 64-Bit Tiered Compilers"/>
    <property name="java.runtime.version" value="21.0.5+9-LTS-239"/>
    <property name="user.name" value="yuvra"/>
    <property name="stdout.encoding" value="Cp1252"/>
    <property name="path.separator" value=";"/>
    <property name="os.version" value="10.0"/>
    <property name="java.runtime.name" value="Java(TM) SE Runtime Environment"/>
    <property name="file.encoding" value="UTF-8"/>
    <property name="java.vm.name" value="Java HotSpot(TM) 64-Bit Server VM"/>
    <property name="localRepository" value="C:\Users\yuvra\.m2\repository"/>
    <property name="java.vendor.url.bug" value="https://bugreport.java.com/bugreport/"/>
    <property name="java.io.tmpdir" value="C:\Users\yuvra\AppData\Local\Temp\"/>
    <property name="java.version" value="21.0.5"/>
    <property name="user.dir" value="D:\ONEDRIVE_CW\scripting-engine"/>
    <property name="os.arch" value="amd64"/>
    <property name="java.vm.specification.name" value="Java Virtual Machine Specification"/>
    <property name="sun.os.patch.level" value=""/>
    <property name="native.encoding" value="Cp1252"/>
    <property name="java.library.path" value="C:\Program Files\Java\jdk-21\bin;C:\WINDOWS\Sun\Java\bin;C:\WINDOWS\system32;C:\WINDOWS;C:\Program Files\Common Files\Oracle\Java\javapath;C:\WINDOWS\system32;C:\WINDOWS;C:\WINDOWS\System32\Wbem;C:\WINDOWS\System32\WindowsPowerShell\v1.0\;C:\WINDOWS\System32\OpenSSH\;C:\Program Files\Java\jdk-21\bin;C:\Program Files\nodejs\;C:\Program Files\nodejs\node.exe;C:\Program Files\JetBrains\IntelliJ IDEA Community Edition 2024.3.1\bin;C:\Program Files\Git\cmd;C:\Program Files\Maven\apache-maven-3.9.9\bin;C:\Program Files (x86)\Microsoft SQL Server\160\Tools\Binn\;C:\Program Files\Microsoft SQL Server\160\Tools\Binn\;C:\Program Files\Microsoft SQL Server\Client SDK\ODBC\170\Tools\Binn\;C:\Program Files\Microsoft SQL Server\160\DTS\Binn\;C:\Program Files (x86)\Microsoft SQL Server\160\DTS\Binn\;C:\Users\yuvra\AppData\Local\Programs\Python\Python312\python.exe;C:\Users\yuvra\AppData\Local\Programs\Python\Python312\;C:\Program Files\VisualSVN Server\bin;C:\Program Files\SlikSvn\bin;C:\terraform_1.11.2_windows_386;C:\Program Files\Amazon\AWSCLIV2\;C:\Program Files\Docker\Docker\resources\bin;C:\Users\yuvra\AppData\Local\Programs\Python\Python312\Scripts\;C:\Users\yuvra\AppData\Local\Programs\Python\Python312\;C:\Users\yuvra\AppData\Local\Programs\Python\Launcher\;C:\Users\yuvra\AppData\Local\Microsoft\WindowsApps;C:\Users\yuvra\AppData\Local\Microsoft\WinGet\Packages\Schniz.fnm_Microsoft.Winget.Source_8wekyb3d8bbwe;C:\Users\yuvra\AppData\Roaming\npm;C:\Users\yuvra\AppData\Local\Programs\Microsoft VS Code\bin;C:\Program Files\liquibase;C:\Program Files\OpenSSL-Win64\bin;;."/>
    <property name="java.vm.info" value="mixed mode, sharing"/>
    <property name="stderr.encoding" value="Cp1252"/>
    <property name="java.vendor" value="Oracle Corporation"/>
    <property name="java.vm.version" value="21.0.5+9-LTS-239"/>
    <property name="sun.io.unicode.encoding" value="UnicodeLittle"/>
    <property name="java.class.version" value="65.0"/>
  </properties>
  <testcase name="testJavaScriptSimpleAddition" classname="com.example.ScriptEngineUtilTest" time="1.148">
    <system-err><![CDATA[[To redirect Truffle log output to a file use one of the following options:
* '--log.file=<path>' if the option is passed using a guest language launcher.
* '-Dpolyglot.log.file=<path>' if the option is passed using the host Java launcher.
* Configure logging using the polyglot embedding API.]
[engine] WARNING: The polyglot engine uses a fallback runtime that does not support runtime compilation to native code.
Execution without runtime compilation will negatively impact the guest application performance.
The following cause was found: JVMCI is not enabled for this JVM. Enable JVMCI using -XX:+EnableJVMCI.
For more information see: https://www.graalvm.org/latest/reference-manual/embed-languages/#runtime-optimization-support.
To disable this warning use the '--engine.WarnInterpreterOnly=false' option or the '-Dpolyglot.engine.WarnInterpreterOnly=false' system property.
]]></system-err>
  </testcase>
  <testcase name="testPythonMathLibrary" classname="com.example.ScriptEngineUtilTest" time="5.223">
    <system-err><![CDATA[[To redirect Truffle log output to a file use one of the following options:
* '--log.file=<path>' if the option is passed using a guest language launcher.
* '-Dpolyglot.log.file=<path>' if the option is passed using the host Java launcher.
* Configure logging using the polyglot embedding API.]
[engine] WARNING: The polyglot engine uses a fallback runtime that does not support runtime compilation to native code.
Execution without runtime compilation will negatively impact the guest application performance.
The following cause was found: JVMCI is not enabled for this JVM. Enable JVMCI using -XX:+EnableJVMCI.
For more information see: https://www.graalvm.org/latest/reference-manual/embed-languages/#runtime-optimization-support.
To disable this warning use the '--engine.WarnInterpreterOnly=false' option or the '-Dpolyglot.engine.WarnInterpreterOnly=false' system property.
]]></system-err>
  </testcase>
  <testcase name="testUnsupportedLanguage" classname="com.example.ScriptEngineUtilTest" time="0.003"/>
  <testcase name="testPythonSimpleAddition" classname="com.example.ScriptEngineUtilTest" time="0.507">
    <system-err><![CDATA[[To redirect Truffle log output to a file use one of the following options:
* '--log.file=<path>' if the option is passed using a guest language launcher.
* '-Dpolyglot.log.file=<path>' if the option is passed using the host Java launcher.
* Configure logging using the polyglot embedding API.]
[engine] WARNING: The polyglot engine uses a fallback runtime that does not support runtime compilation to native code.
Execution without runtime compilation will negatively impact the guest application performance.
The following cause was found: JVMCI is not enabled for this JVM. Enable JVMCI using -XX:+EnableJVMCI.
For more information see: https://www.graalvm.org/latest/reference-manual/embed-languages/#runtime-optimization-support.
To disable this warning use the '--engine.WarnInterpreterOnly=false' option or the '-Dpolyglot.engine.WarnInterpreterOnly=false' system property.
]]></system-err>
  </testcase>
  <testcase name="testJavaScriptMathLibrary" classname="com.example.ScriptEngineUtilTest" time="0.039">
    <system-err><![CDATA[[To redirect Truffle log output to a file use one of the following options:
* '--log.file=<path>' if the option is passed using a guest language launcher.
* '-Dpolyglot.log.file=<path>' if the option is passed using the host Java launcher.
* Configure logging using the polyglot embedding API.]
[engine] WARNING: The polyglot engine uses a fallback runtime that does not support runtime compilation to native code.
Execution without runtime compilation will negatively impact the guest application performance.
The following cause was found: JVMCI is not enabled for this JVM. Enable JVMCI using -XX:+EnableJVMCI.
For more information see: https://www.graalvm.org/latest/reference-manual/embed-languages/#runtime-optimization-support.
To disable this warning use the '--engine.WarnInterpreterOnly=false' option or the '-Dpolyglot.engine.WarnInterpreterOnly=false' system property.
]]></system-err>
  </testcase>
</testsuite>